<?xml version="1.0" encoding="UTF-8"?>
<!-- Generated by org.testng.reporters.JUnitReportReporter -->
<testsuite hostname="MacBookPro.lan" failures="0" tests="1" name="AdityaPargunde.AndroidECommerceFramework.AndroidECommerceTest" time="22.471" errors="0" timestamp="2025-11-19T01:14:35 IST" skipped="0">
  <testcase classname="AdityaPargunde.AndroidECommerceFramework.AndroidECommerceTest" name="TestCaseFour" time="22.471"/>
</testsuite> <!-- AdityaPargunde.AndroidECommerceFramework.AndroidECommerceTest -->
